[debug] [2022-05-28T00:23:56.025Z] ----------------------------------------------------------------------
[debug] [2022-05-28T00:23:56.027Z] Command:       C:\Program Files\nodejs\node.exe C:\Users\mari3\AppData\Roaming\npm\node_modules\firebase-tools\lib\bin\firebase.js init
[debug] [2022-05-28T00:23:56.027Z] CLI Version:   11.0.1
[debug] [2022-05-28T00:23:56.027Z] Platform:      win32
[debug] [2022-05-28T00:23:56.028Z] Node Version:  v16.13.1
[debug] [2022-05-28T00:23:56.029Z] Time:          Fri May 27 2022 21:23:56 GMT-0300 (hora estándar de Argentina)
[debug] [2022-05-28T00:23:56.029Z] ----------------------------------------------------------------------
[debug] 
[debug] [2022-05-28T00:23:56.037Z] > command requires scopes: ["email","openid","https://www.googleapis.com/auth/cloudplatformprojects.readonly","https://www.googleapis.com/auth/firebase","https://www.googleapis.com/auth/cloud-platform"]
[debug] [2022-05-28T00:23:56.037Z] > authorizing via signed-in user (maribelaizpitarte@gmail.com)
[info] 
     ######## #### ########  ######## ########     ###     ######  ########
     ##        ##  ##     ## ##       ##     ##  ##   ##  ##       ##
     ######    ##  ########  ######   ########  #########  ######  ######
     ##        ##  ##    ##  ##       ##     ## ##     ##       ## ##
     ##       #### ##     ## ######## ########  ##     ##  ######  ########

You're about to initialize a Firebase project in this directory:

  C:\Users\mari3\Documents\Argentina_Programa\GIT\Portfolio_AP\Frontend

[info] 
=== Project Setup
[info] 
[info] First, let's associate this project directory with a Firebase project.
[info] You can create multiple project aliases by running firebase use --add, 
[info] but for now we'll just set up a default project.
[info] 
[debug] [2022-05-28T00:24:05.675Z] >>> [apiv2][query] GET https://firebase.googleapis.com/v1beta1/projects pageSize=100
[debug] [2022-05-28T00:24:06.876Z] <<< [apiv2][status] GET https://firebase.googleapis.com/v1beta1/projects 200
[debug] [2022-05-28T00:24:06.876Z] <<< [apiv2][body] GET https://firebase.googleapis.com/v1beta1/projects [omitted]
[info] i  Using project apfrontend-2d469 (APFrontend) 
[info] 
=== Hosting Setup
[info] 
[info] Your public directory is the folder (relative to your project directory) that
[info] will contain Hosting assets to be uploaded with firebase deploy. If you
[info] have a build process for your assets, use your build's output directory.
[info] 
[debug] [2022-05-28T00:24:27.592Z] >>> [apiv2][query] GET https://www.gstatic.com/firebasejs/releases.json [none]
[debug] [2022-05-28T00:24:27.897Z] <<< [apiv2][status] GET https://www.gstatic.com/firebasejs/releases.json 200
[debug] [2022-05-28T00:24:27.898Z] <<< [apiv2][body] GET https://www.gstatic.com/firebasejs/releases.json {"current":{"version":"9.8.2","browserURL":"https://www.gstatic.com/firebasejs/9.8.2/firebase.js","packageURL":"https://www.gstatic.com/firebasejs/9.8.2/firebase.tgz"},"live":{"version":"9.8","browserURL":"https://www.gstatic.com/firebasejs/live/9.8/firebase.js","packageURL":"https://www.gstatic.com/firebasejs/live/9.8/firebase.tgz"},"components":{"analytics":"https://www.gstatic.com/firebasejs/9.8.2/firebase-analytics.js","app":"https://www.gstatic.com/firebasejs/9.8.2/firebase-app.js","app-check":"https://www.gstatic.com/firebasejs/9.8.2/firebase-app-check.js","auth":"https://www.gstatic.com/firebasejs/9.8.2/firebase-auth.js","auth/cordova":"https://www.gstatic.com/firebasejs/9.8.2/firebase-auth/cordova.js","auth/react-native":"https://www.gstatic.com/firebasejs/9.8.2/firebase-auth/react-native.js","functions":"https://www.gstatic.com/firebasejs/9.8.2/firebase-functions.js","firestore":"https://www.gstatic.com/firebasejs/9.8.2/firebase-firestore.js","firestore/lite":"https://www.gstatic.com/firebasejs/9.8.2/firebase-firestore/lite.js","storage":"https://www.gstatic.com/firebasejs/9.8.2/firebase-storage.js","performance":"https://www.gstatic.com/firebasejs/9.8.2/firebase-performance.js","remote-config":"https://www.gstatic.com/firebasejs/9.8.2/firebase-remote-config.js","messaging":"https://www.gstatic.com/firebasejs/9.8.2/firebase-messaging.js","messaging/sw":"https://www.gstatic.com/firebasejs/9.8.2/firebase-messaging/sw.js","database":"https://www.gstatic.com/firebasejs/9.8.2/firebase-database.js","firestore.memory":"https://www.gstatic.com/firebasejs/9.8.2/firebase-firestore.memory.js"}}
[info] i  Skipping write of dist/fe/index.html 
[info] 
[info] i  Detected a .git folder at C:\Users\mari3\Documents\Argentina_Programa\GIT\Portfolio_AP\Frontend 
[info] i  Authorizing with GitHub to upload your service account to a GitHub repository's secrets store. 
[info] 
[info] Visit this URL on this device to log in:
[info] https://github.com/login/oauth/authorize?client_id=89cf50f02ac6aaed3484&state=672541247&redirect_uri=http%3A%2F%2Flocalhost%3A9005&scope=read%3Auser%20repo%20public_repo
[info] 
[info] Waiting for authentication...
[debug] [2022-05-28T00:24:31.496Z] >>> HTTP REQUEST POST https://github.com/login/oauth/access_token  
 {"client_id":"89cf50f02ac6aaed3484","client_secret":"3330d14abc895d9a74d5f17cd7a00711fa2c5bf0","code":"3f946f47941fe35fb9af","redirect_uri":"http://localhost:9005","state":"672541247"}
[debug] [2022-05-28T00:24:31.916Z] <<< HTTP RESPONSE 200 {"server":"GitHub.com","date":"Sat, 28 May 2022 00:24:31 GMT","content-type":"application/json; charset=utf-8","transfer-encoding":"chunked","vary":"X-PJAX, X-PJAX-Container, Turbo-Visit, Turbo-Frame, Accept-Encoding, Accept, X-Requested-With","permissions-policy":"interest-cohort=()","etag":"W/\"189d94e610afe64d0ea37afff5721bec\"","cache-control":"max-age=0, private, must-revalidate","strict-transport-security":"max-age=31536000; includeSubdomains; preload","x-frame-options":"deny","x-content-type-options":"nosniff","x-xss-protection":"0","referrer-policy":"origin-when-cross-origin, strict-origin-when-cross-origin","expect-ct":"max-age=2592000, report-uri=\"https://api.github.com/_private/browser/errors\"","content-security-policy":"default-src 'none'; base-uri 'self'; block-all-mixed-content; child-src github.com/assets-cdn/worker/ gist.github.com/assets-cdn/worker/; connect-src 'self' uploads.github.com objects-origin.githubusercontent.com www.githubstatus.com collector.github.com raw.githubusercontent.com api.github.com github-cloud.s3.amazonaws.com github-production-repository-file-5c1aeb.s3.amazonaws.com github-production-upload-manifest-file-7fdce7.s3.amazonaws.com github-production-user-asset-6210df.s3.amazonaws.com cdn.optimizely.com logx.optimizely.com/v1/events *.actions.githubusercontent.com wss://*.actions.githubusercontent.com online.visualstudio.com/api/v1/locations github-production-repository-image-32fea6.s3.amazonaws.com github-production-release-asset-2e65be.s3.amazonaws.com insights.github.com wss://alive.github.com; font-src github.githubassets.com; form-action 'self' github.com gist.github.com objects-origin.githubusercontent.com; frame-ancestors 'none'; frame-src render.githubusercontent.com viewscreen.githubusercontent.com notebooks.githubusercontent.com; img-src 'self' data: github.githubassets.com identicons.github.com github-cloud.s3.amazonaws.com secured-user-images.githubusercontent.com/ github-production-user-asset-6210df.s3.amazonaws.com *.githubusercontent.com; manifest-src 'self'; media-src github.com user-images.githubusercontent.com/; script-src github.githubassets.com; style-src 'unsafe-inline' github.githubassets.com; worker-src github.com/assets-cdn/worker/ gist.github.com/assets-cdn/worker/","x-github-request-id":"C7BF:6859:3F6487:480A43:62916BBF"}
[debug] [2022-05-28T00:24:31.919Z] >>> [apiv2][query] GET https://api.github.com/user [none]
[debug] [2022-05-28T00:24:32.435Z] <<< [apiv2][status] GET https://api.github.com/user 200
[debug] [2022-05-28T00:24:32.435Z] <<< [apiv2][body] GET https://api.github.com/user {"login":"mari3004","id":73410220,"node_id":"MDQ6VXNlcjczNDEwMjIw","avatar_url":"https://avatars.githubusercontent.com/u/73410220?v=4","gravatar_id":"","url":"https://api.github.com/users/mari3004","html_url":"https://github.com/mari3004","followers_url":"https://api.github.com/users/mari3004/followers","following_url":"https://api.github.com/users/mari3004/following{/other_user}","gists_url":"https://api.github.com/users/mari3004/gists{/gist_id}","starred_url":"https://api.github.com/users/mari3004/starred{/owner}{/repo}","subscriptions_url":"https://api.github.com/users/mari3004/subscriptions","organizations_url":"https://api.github.com/users/mari3004/orgs","repos_url":"https://api.github.com/users/mari3004/repos","events_url":"https://api.github.com/users/mari3004/events{/privacy}","received_events_url":"https://api.github.com/users/mari3004/received_events","type":"User","site_admin":false,"name":"Maribel","company":null,"blog":"","location":null,"email":null,"hireable":null,"bio":"Web Fullstack in progress","twitter_username":null,"public_repos":1,"public_gists":0,"followers":0,"following":0,"created_at":"2020-10-25T00:20:34Z","updated_at":"2022-05-22T15:44:22Z","private_gists":0,"total_private_repos":0,"owned_private_repos":0,"disk_usage":1700,"collaborators":0,"two_factor_authentication":false,"plan":{"name":"free","space":976562499,"collaborators":0,"private_repos":10000}}
[info] 
[info] +  Success! Logged into GitHub as mari3004 
[info] 
[debug] [2022-05-28T00:24:58.041Z] >>> [apiv2][query] GET https://api.github.com/repos/mari3004/Portfolio_AP/Frontend//actions/secrets/public-key type=owner
[debug] [2022-05-28T00:24:58.385Z] <<< [apiv2][status] GET https://api.github.com/repos/mari3004/Portfolio_AP/Frontend//actions/secrets/public-key 404
[debug] [2022-05-28T00:24:58.385Z] <<< [apiv2][body] GET https://api.github.com/repos/mari3004/Portfolio_AP/Frontend//actions/secrets/public-key {"message":"Not Found","documentation_url":"https://docs.github.com/rest"}
[debug] [2022-05-28T00:25:04.167Z] >>> [apiv2][query] GET https://api.github.com/repos/mari3004/Portfolio_AP/Frontend//actions/secrets/public-key type=owner
[debug] [2022-05-28T00:25:04.510Z] <<< [apiv2][status] GET https://api.github.com/repos/mari3004/Portfolio_AP/Frontend//actions/secrets/public-key 404
[debug] [2022-05-28T00:25:04.510Z] <<< [apiv2][body] GET https://api.github.com/repos/mari3004/Portfolio_AP/Frontend//actions/secrets/public-key {"message":"Not Found","documentation_url":"https://docs.github.com/rest"}
[debug] [2022-05-28T00:25:05.012Z] >>> [apiv2][query] GET https://api.github.com/repos/mari3004/Portfolio_AP/Frontend//actions/secrets/public-key type=owner
[debug] [2022-05-28T00:25:05.341Z] >>> [apiv2][query] GET https://api.github.com/repos//actions/secrets/public-key type=owner
[debug] [2022-05-28T00:25:05.357Z] <<< [apiv2][status] GET https://api.github.com/repos/mari3004/Portfolio_AP/Frontend//actions/secrets/public-key 404
[debug] [2022-05-28T00:25:05.357Z] <<< [apiv2][body] GET https://api.github.com/repos/mari3004/Portfolio_AP/Frontend//actions/secrets/public-key {"message":"Not Found","documentation_url":"https://docs.github.com/rest"}
[debug] [2022-05-28T00:25:05.667Z] >>> [apiv2][query] GET https://api.github.com/repos/mari3004/Portfolio_AP/Frontend//actions/secrets/public-key type=owner
[debug] [2022-05-28T00:25:05.695Z] <<< [apiv2][status] GET https://api.github.com/repos//actions/secrets/public-key 404
[debug] [2022-05-28T00:25:05.696Z] <<< [apiv2][body] GET https://api.github.com/repos//actions/secrets/public-key {"message":"Not Found","documentation_url":"https://docs.github.com/rest"}
[debug] [2022-05-28T00:25:05.976Z] >>> [apiv2][query] GET https://api.github.com/repos//actions/secrets/public-key type=owner
[debug] [2022-05-28T00:25:06.031Z] <<< [apiv2][status] GET https://api.github.com/repos/mari3004/Portfolio_AP/Frontend//actions/secrets/public-key 404
[debug] [2022-05-28T00:25:06.031Z] <<< [apiv2][body] GET https://api.github.com/repos/mari3004/Portfolio_AP/Frontend//actions/secrets/public-key {"message":"Not Found","documentation_url":"https://docs.github.com/rest"}
[debug] [2022-05-28T00:25:06.340Z] <<< [apiv2][status] GET https://api.github.com/repos//actions/secrets/public-key 404
[debug] [2022-05-28T00:25:06.340Z] <<< [apiv2][body] GET https://api.github.com/repos//actions/secrets/public-key {"message":"Not Found","documentation_url":"https://docs.github.com/rest"}
[debug] [2022-05-28T00:25:07.082Z] >>> [apiv2][query] GET https://api.github.com/repos/mari3004/Portfolio_AP/Frontend//actions/secrets/public-key type=owner
[debug] [2022-05-28T00:25:07.446Z] <<< [apiv2][status] GET https://api.github.com/repos/mari3004/Portfolio_AP/Frontend//actions/secrets/public-key 404
[debug] [2022-05-28T00:25:07.446Z] <<< [apiv2][body] GET https://api.github.com/repos/mari3004/Portfolio_AP/Frontend//actions/secrets/public-key {"message":"Not Found","documentation_url":"https://docs.github.com/rest"}
[debug] [2022-05-28T00:25:12.857Z] >>> [apiv2][query] GET https://api.github.com/repos/mari3004/Portfolio_AP/Frontend//actions/secrets/public-key type=owner
[debug] [2022-05-28T00:25:13.265Z] <<< [apiv2][status] GET https://api.github.com/repos/mari3004/Portfolio_AP/Frontend//actions/secrets/public-key 404
[debug] [2022-05-28T00:25:13.266Z] <<< [apiv2][body] GET https://api.github.com/repos/mari3004/Portfolio_AP/Frontend//actions/secrets/public-key {"message":"Not Found","documentation_url":"https://docs.github.com/rest"}
[debug] [2022-05-28T00:30:26.523Z] >>> [apiv2][query] GET https://api.github.com/repos/mari3004/Portfolio_AP/tree/main/Frontend/actions/secrets/public-key type=owner
[debug] [2022-05-28T00:30:26.900Z] <<< [apiv2][status] GET https://api.github.com/repos/mari3004/Portfolio_AP/tree/main/Frontend/actions/secrets/public-key 404
[debug] [2022-05-28T00:30:26.900Z] <<< [apiv2][body] GET https://api.github.com/repos/mari3004/Portfolio_AP/tree/main/Frontend/actions/secrets/public-key {"message":"Not Found","documentation_url":"https://docs.github.com/rest"}
[debug] [2022-05-28T00:30:37.296Z] >>> [apiv2][query] GET https://api.github.com/repos/mari3004/Portfolio_AP/tree/main/Frontend/actions/secrets/public-key type=owner
[debug] [2022-05-28T00:30:37.678Z] <<< [apiv2][status] GET https://api.github.com/repos/mari3004/Portfolio_AP/tree/main/Frontend/actions/secrets/public-key 404
[debug] [2022-05-28T00:30:37.678Z] <<< [apiv2][body] GET https://api.github.com/repos/mari3004/Portfolio_AP/tree/main/Frontend/actions/secrets/public-key {"message":"Not Found","documentation_url":"https://docs.github.com/rest"}
[debug] [2022-05-28T00:31:37.290Z] >>> [apiv2][query] GET https://api.github.com/repos/mari3004/Portfolio_AP/tree/main/Frontend//actions/secrets/public-key type=owner
[debug] [2022-05-28T00:31:37.692Z] <<< [apiv2][status] GET https://api.github.com/repos/mari3004/Portfolio_AP/tree/main/Frontend//actions/secrets/public-key 404
[debug] [2022-05-28T00:31:37.692Z] <<< [apiv2][body] GET https://api.github.com/repos/mari3004/Portfolio_AP/tree/main/Frontend//actions/secrets/public-key {"message":"Not Found","documentation_url":"https://docs.github.com/rest"}
[debug] [2022-05-28T00:32:59.480Z] >>> [apiv2][query] GET https://api.github.com/repos/mari3004/Portfolio_AP/tree/main/Frontend//actions/secrets/public-key type=owner
[debug] [2022-05-28T00:32:59.938Z] <<< [apiv2][status] GET https://api.github.com/repos/mari3004/Portfolio_AP/tree/main/Frontend//actions/secrets/public-key 404
[debug] [2022-05-28T00:32:59.939Z] <<< [apiv2][body] GET https://api.github.com/repos/mari3004/Portfolio_AP/tree/main/Frontend//actions/secrets/public-key {"message":"Not Found","documentation_url":"https://docs.github.com/rest"}
[debug] [2022-05-28T00:33:19.396Z] >>> [apiv2][query] GET https://api.github.com/repos/mari3004/Portfolio_AP/Frontend//actions/secrets/public-key type=owner
[debug] [2022-05-28T00:33:19.908Z] <<< [apiv2][status] GET https://api.github.com/repos/mari3004/Portfolio_AP/Frontend//actions/secrets/public-key 404
[debug] [2022-05-28T00:33:19.908Z] <<< [apiv2][body] GET https://api.github.com/repos/mari3004/Portfolio_AP/Frontend//actions/secrets/public-key {"message":"Not Found","documentation_url":"https://docs.github.com/rest"}
[debug] [2022-05-28T00:33:49.037Z] >>> [apiv2][query] GET https://api.github.com/repos/mari3004/Portfolio_AP/Frontend//actions/secrets/public-key type=owner
[debug] [2022-05-28T00:33:49.411Z] <<< [apiv2][status] GET https://api.github.com/repos/mari3004/Portfolio_AP/Frontend//actions/secrets/public-key 404
[debug] [2022-05-28T00:33:49.411Z] <<< [apiv2][body] GET https://api.github.com/repos/mari3004/Portfolio_AP/Frontend//actions/secrets/public-key {"message":"Not Found","documentation_url":"https://docs.github.com/rest"}
[debug] [2022-05-28T00:39:07.798Z] >>> [apiv2][query] GET https://api.github.com/repos/mari3004/Portfolio_AP/Frontend//actions/secrets/public-key type=owner
[debug] [2022-05-28T00:39:08.231Z] <<< [apiv2][status] GET https://api.github.com/repos/mari3004/Portfolio_AP/Frontend//actions/secrets/public-key 404
[debug] [2022-05-28T00:39:08.231Z] <<< [apiv2][body] GET https://api.github.com/repos/mari3004/Portfolio_AP/Frontend//actions/secrets/public-key {"message":"Not Found","documentation_url":"https://docs.github.com/rest"}
[debug] [2022-05-28T00:43:47.780Z] >>> [apiv2][query] GET https://api.github.com/repos/mari3004/Portfolio_AP/Frontend//actions/secrets/public-key type=owner
[debug] [2022-05-28T00:43:48.357Z] <<< [apiv2][status] GET https://api.github.com/repos/mari3004/Portfolio_AP/Frontend//actions/secrets/public-key 404
[debug] [2022-05-28T00:43:48.358Z] <<< [apiv2][body] GET https://api.github.com/repos/mari3004/Portfolio_AP/Frontend//actions/secrets/public-key {"message":"Not Found","documentation_url":"https://docs.github.com/rest"}
